<?xml version="1.0" encoding="UTF-8"?>
<!-- Generated by org.testng.reporters.JUnitReportReporter -->
<testsuite hostname="Sreekumar" name="com.amazon.qa.testcases.PaymentPageTest" tests="2" failures="0" timestamp="19 Mar 2021 10:54:01 GMT" time="114.776" errors="0">
  <testcase name="addInvalidCardAndVerifyError" time="57.938" classname="com.amazon.qa.testcases.PaymentPageTest"/>
  <testcase name="verifyPaymentPage" time="56.838" classname="com.amazon.qa.testcases.PaymentPageTest"/>
</testsuite> <!-- com.amazon.qa.testcases.PaymentPageTest -->
