<?xml version="1.0" encoding="UTF-8"?>
<!-- Generated by org.testng.reporters.JUnitReportReporter -->
<testsuite hostname="Sreekumar" name="com.amazon.qa.testcases.SearchPageTest" tests="1" failures="0" timestamp="19 Mar 2021 10:54:01 GMT" time="39.282" errors="0">
  <testcase name="searchAndSelectItem" time="39.282" classname="com.amazon.qa.testcases.SearchPageTest"/>
</testsuite> <!-- com.amazon.qa.testcases.SearchPageTest -->
