<?xml version="1.0" encoding="UTF-8"?>
<!-- Generated by org.testng.reporters.JUnitReportReporter -->
<testsuite hostname="Sreekumar" name="com.amazon.qa.testcases.HomePageTest" tests="3" failures="0" timestamp="16 Mar 2021 05:25:55 GMT" time="88.179" errors="0">
  <testcase name="loginButtonValidationTest" time="19.579" classname="com.amazon.qa.testcases.HomePageTest"/>
  <testcase name="gotoLoginPageTest" time="21.670" classname="com.amazon.qa.testcases.HomePageTest"/>
  <testcase name="homePageTitleTest" time="46.930" classname="com.amazon.qa.testcases.HomePageTest"/>
</testsuite> <!-- com.amazon.qa.testcases.HomePageTest -->
