<?xml version="1.0" encoding="UTF-8"?>
<!-- Generated by org.testng.reporters.JUnitReportReporter -->
<testsuite hostname="Sreekumar" name="com.amazon.qa.testcases.SearchPageTest" tests="1" failures="0" timestamp="16 Mar 2021 05:25:55 GMT" time="37.405" errors="0">
  <testcase name="searchAndSelectItem" time="37.405" classname="com.amazon.qa.testcases.SearchPageTest"/>
</testsuite> <!-- com.amazon.qa.testcases.SearchPageTest -->
