<?xml version="1.0" encoding="UTF-8"?>
<!-- Generated by org.testng.reporters.JUnitReportReporter -->
<testsuite hostname="Sreekumar" name="com.amazon.qa.testcases.HomePageTest" tests="3" failures="0" timestamp="19 Mar 2021 10:54:01 GMT" time="38.769" errors="0">
  <testcase name="loginButtonValidationTest" time="11.285" classname="com.amazon.qa.testcases.HomePageTest"/>
  <testcase name="gotoLoginPageTest" time="13.247" classname="com.amazon.qa.testcases.HomePageTest"/>
  <testcase name="homePageTitleTest" time="14.237" classname="com.amazon.qa.testcases.HomePageTest"/>
</testsuite> <!-- com.amazon.qa.testcases.HomePageTest -->
