<?xml version="1.0" encoding="UTF-8"?>
<!-- Generated by org.testng.reporters.JUnitReportReporter -->
<testsuite hostname="Sreekumar" name="com.amazon.qa.testcases.ItemDetailsPageTest" tests="1" failures="0" timestamp="16 Mar 2021 05:25:55 GMT" time="55.685" errors="0">
  <testcase name="buyItem" time="55.685" classname="com.amazon.qa.testcases.ItemDetailsPageTest"/>
</testsuite> <!-- com.amazon.qa.testcases.ItemDetailsPageTest -->
