<?xml version="1.0" encoding="UTF-8"?>
<!-- Generated by org.testng.reporters.JUnitReportReporter -->
<testsuite hostname="Sreekumar" name="com.amazon.qa.testcases.SignInPageTest" tests="2" failures="0" timestamp="19 Mar 2021 10:54:01 GMT" time="58.664" errors="0">
  <testcase name="loginInToAmazon" time="43.388" classname="com.amazon.qa.testcases.SignInPageTest"/>
  <testcase name="verifySignInPageTitle" time="15.276" classname="com.amazon.qa.testcases.SignInPageTest"/>
</testsuite> <!-- com.amazon.qa.testcases.SignInPageTest -->
