<?xml version="1.0" encoding="UTF-8"?>
<!-- Generated by org.testng.reporters.JUnitReportReporter -->
<testsuite hostname="Sreekumar" name="com.amazon.qa.testcases.PaymentPageTest" tests="2" failures="0" timestamp="16 Mar 2021 05:25:55 GMT" time="145.419" errors="0">
  <testcase name="addInvalidCardAndVerifyError" time="90.022" classname="com.amazon.qa.testcases.PaymentPageTest"/>
  <testcase name="verifyPaymentPage" time="55.397" classname="com.amazon.qa.testcases.PaymentPageTest"/>
</testsuite> <!-- com.amazon.qa.testcases.PaymentPageTest -->
