<?xml version="1.0" encoding="UTF-8"?>
<!-- Generated by org.testng.reporters.JUnitReportReporter -->
<testsuite hostname="Sreekumar" name="com.amazon.qa.testcases.SignInPageTest" tests="2" failures="0" timestamp="16 Mar 2021 05:25:55 GMT" time="89.574" errors="0">
  <testcase name="verifySignInPageTitle" time="25.088" classname="com.amazon.qa.testcases.SignInPageTest"/>
  <testcase name="loginInToAmazon" time="64.486" classname="com.amazon.qa.testcases.SignInPageTest"/>
</testsuite> <!-- com.amazon.qa.testcases.SignInPageTest -->
