<?xml version="1.0" encoding="UTF-8"?>
<!-- Generated by org.testng.reporters.JUnitReportReporter -->
<testsuite hostname="Sreekumar" name="com.amazon.qa.testcases.SignInPageTest" tests="2" failures="0" timestamp="16 Mar 2021 06:49:40 GMT" time="92.364" errors="0">
  <testcase name="loginInToAmazon" time="66.315" classname="com.amazon.qa.testcases.SignInPageTest"/>
  <testcase name="verifySignInPageTitle" time="26.049" classname="com.amazon.qa.testcases.SignInPageTest"/>
</testsuite> <!-- com.amazon.qa.testcases.SignInPageTest -->
