<?xml version="1.0" encoding="UTF-8"?>
<!-- Generated by org.testng.reporters.JUnitReportReporter -->
<testsuite hostname="Sreekumar" name="com.amazon.qa.testcases.PaymentPageTest" tests="2" failures="0" timestamp="15 Mar 2021 10:03:27 GMT" time="142.759" errors="0">
  <testcase name="addInvalidCardAndVerifyError" time="67.483" classname="com.amazon.qa.testcases.PaymentPageTest"/>
  <testcase name="verifyPaymentPage" time="75.276" classname="com.amazon.qa.testcases.PaymentPageTest"/>
</testsuite> <!-- com.amazon.qa.testcases.PaymentPageTest -->
