<?xml version="1.0" encoding="UTF-8"?>
<!-- Generated by org.testng.reporters.JUnitReportReporter -->
<testsuite hostname="Sreekumar" name="com.amazon.qa.testcases.HomePageTest" tests="3" failures="0" timestamp="19 Mar 2021 10:03:27 GMT" time="52.443" errors="0">
  <testcase name="gotoLoginPageTest" time="21.077" classname="com.amazon.qa.testcases.HomePageTest"/>
  <testcase name="homePageTitleTest" time="11.676" classname="com.amazon.qa.testcases.HomePageTest"/>
  <testcase name="loginButtonValidationTest" time="19.690" classname="com.amazon.qa.testcases.HomePageTest"/>
</testsuite> <!-- com.amazon.qa.testcases.HomePageTest -->
