<?xml version="1.0" encoding="UTF-8"?>
<!-- Generated by org.testng.reporters.JUnitReportReporter -->
<testsuite hostname="Sreekumar" name="com.amazon.qa.testcases.ItemDetailsPageTest" tests="1" failures="0" timestamp="19 Mar 2021 10:03:27 GMT" time="62.995" errors="0">
  <testcase name="buyItem" time="62.995" classname="com.amazon.qa.testcases.ItemDetailsPageTest"/>
</testsuite> <!-- com.amazon.qa.testcases.ItemDetailsPageTest -->
