<?xml version="1.0" encoding="UTF-8"?>
<!-- Generated by org.testng.reporters.JUnitReportReporter -->
<testsuite hostname="Sreekumar" name="com.amazon.qa.testcases.SignInPageTest" tests="2" failures="0" timestamp="15 Mar 2021 10:03:27 GMT" time="52.734" errors="0">
  <testcase name="verifySignInPageTitle" time="19.434" classname="com.amazon.qa.testcases.SignInPageTest"/>
  <testcase name="loginInToAmazon" time="33.300" classname="com.amazon.qa.testcases.SignInPageTest"/>
</testsuite> <!-- com.amazon.qa.testcases.SignInPageTest -->
