<?xml version="1.0" encoding="UTF-8"?>
<!-- Generated by org.testng.reporters.JUnitReportReporter -->
<testsuite hostname="Sreekumar" name="com.amazon.qa.testcases.HomePageTest" tests="3" failures="0" timestamp="15 Mar 2021 10:03:27 GMT" time="66.849" errors="0">
  <testcase name="loginButtonValidationTest" time="34.400" classname="com.amazon.qa.testcases.HomePageTest"/>
  <testcase name="gotoLoginPageTest" time="14.850" classname="com.amazon.qa.testcases.HomePageTest"/>
  <testcase name="homePageTitleTest" time="17.599" classname="com.amazon.qa.testcases.HomePageTest"/>
</testsuite> <!-- com.amazon.qa.testcases.HomePageTest -->
